<?xml version="1.0" encoding="UTF-8"?>
<testsuite name="com.c3t.ApplicationTest" tests="1" skipped="0" failures="0" errors="0" timestamp="2020-05-05T09:04:25" hostname="ENCLTL045" time="13.459">
  <properties/>
  <testcase name="searchSubscriberEmptyValidation" classname="com.c3t.ApplicationTest" time="13.459"/>
  <system-out><![CDATA[14:34:20.213 [Test worker] DEBUG org.springframework.test.context.junit4.SpringJUnit4ClassRunner - SpringJUnit4ClassRunner constructor called with [class com.c3t.ApplicationTest]
14:34:20.224 [Test worker] DEBUG org.springframework.test.context.BootstrapUtils - Instantiating CacheAwareContextLoaderDelegate from class [org.springframework.test.context.cache.DefaultCacheAwareContextLoaderDelegate]
14:34:20.234 [Test worker] DEBUG org.springframework.test.context.BootstrapUtils - Instantiating BootstrapContext using constructor [public org.springframework.test.context.support.DefaultBootstrapContext(java.lang.Class,org.springframework.test.context.CacheAwareContextLoaderDelegate)]
14:34:20.266 [Test worker] DEBUG org.springframework.test.context.BootstrapUtils - Instantiating TestContextBootstrapper for test class [com.c3t.ApplicationTest] from class [org.springframework.boot.test.context.SpringBootTestContextBootstrapper]
14:34:20.284 [Test worker] INFO org.springframework.boot.test.context.SpringBootTestContextBootstrapper - Neither @ContextConfiguration nor @ContextHierarchy found for test class [com.c3t.ApplicationTest], using SpringBootContextLoader
14:34:20.288 [Test worker] DEBUG org.springframework.test.context.support.AbstractContextLoader - Did not detect default resource location for test class [com.c3t.ApplicationTest]: class path resource [com/c3t/ApplicationTest-context.xml] does not exist
14:34:20.288 [Test worker] DEBUG org.springframework.test.context.support.AbstractContextLoader - Did not detect default resource location for test class [com.c3t.ApplicationTest]: class path resource [com/c3t/ApplicationTestContext.groovy] does not exist
14:34:20.289 [Test worker] INFO org.springframework.test.context.support.AbstractContextLoader - Could not detect default resource locations for test class [com.c3t.ApplicationTest]: no resource found for suffixes {-context.xml, Context.groovy}.
14:34:20.290 [Test worker] INFO org.springframework.test.context.support.AnnotationConfigContextLoaderUtils - Could not detect default configuration classes for test class [com.c3t.ApplicationTest]: ApplicationTest does not declare any static, non-private, non-final, nested classes annotated with @Configuration.
14:34:20.344 [Test worker] DEBUG org.springframework.test.context.support.ActiveProfilesUtils - Could not find an 'annotation declaring class' for annotation type [org.springframework.test.context.ActiveProfiles] and class [com.c3t.ApplicationTest]
14:34:20.432 [Test worker] DEBUG org.springframework.context.annotation.ClassPathScanningCandidateComponentProvider - Identified candidate component class: file [D:\testing\reachapptest\build\classes\java\main\com\c3t\Application.class]
14:34:20.434 [Test worker] INFO org.springframework.boot.test.context.SpringBootTestContextBootstrapper - Found @SpringBootConfiguration com.c3t.Application for test class com.c3t.ApplicationTest
14:34:20.536 [Test worker] DEBUG org.springframework.boot.test.context.SpringBootTestContextBootstrapper - @TestExecutionListeners is not present for class [com.c3t.ApplicationTest]: using defaults.
14:34:20.538 [Test worker] INFO org.springframework.boot.test.context.SpringBootTestContextBootstrapper - Loaded default TestExecutionListener class names from location [META-INF/spring.factories]: [org.springframework.boot.test.autoconfigure.restdocs.RestDocsTestExecutionListener, org.springframework.boot.test.autoconfigure.web.client.MockRestServiceServerResetTestExecutionListener, org.springframework.boot.test.autoconfigure.web.servlet.MockMvcPrintOnlyOnFailureTestExecutionListener, org.springframework.boot.test.autoconfigure.web.servlet.WebDriverTestExecutionListener, org.springframework.boot.test.mock.mockito.MockitoTestExecutionListener, org.springframework.boot.test.mock.mockito.ResetMocksTestExecutionListener, org.springframework.test.context.web.ServletTestExecutionListener, org.springframework.test.context.support.DirtiesContextBeforeModesTestExecutionListener, org.springframework.test.context.support.DependencyInjectionTestExecutionListener, org.springframework.test.context.support.DirtiesContextTestExecutionListener, org.springframework.test.context.transaction.TransactionalTestExecutionListener, org.springframework.test.context.jdbc.SqlScriptsTestExecutionListener]
14:34:20.550 [Test worker] DEBUG org.springframework.boot.test.context.SpringBootTestContextBootstrapper - Skipping candidate TestExecutionListener [org.springframework.test.context.transaction.TransactionalTestExecutionListener] due to a missing dependency. Specify custom listener classes or make the default listener classes and their required dependencies available. Offending class: [org/springframework/transaction/interceptor/TransactionAttributeSource]
14:34:20.551 [Test worker] DEBUG org.springframework.boot.test.context.SpringBootTestContextBootstrapper - Skipping candidate TestExecutionListener [org.springframework.test.context.jdbc.SqlScriptsTestExecutionListener] due to a missing dependency. Specify custom listener classes or make the default listener classes and their required dependencies available. Offending class: [org/springframework/transaction/interceptor/TransactionAttribute]
14:34:20.551 [Test worker] INFO org.springframework.boot.test.context.SpringBootTestContextBootstrapper - Using TestExecutionListeners: [org.springframework.test.context.web.ServletTestExecutionListener@1cad85ab, org.springframework.test.context.support.DirtiesContextBeforeModesTestExecutionListener@341ffb4c, org.springframework.boot.test.mock.mockito.MockitoTestExecutionListener@6e716c53, org.springframework.boot.test.autoconfigure.SpringBootDependencyInjectionTestExecutionListener@253d3c4a, org.springframework.test.context.support.DirtiesContextTestExecutionListener@55cd759b, org.springframework.boot.test.autoconfigure.restdocs.RestDocsTestExecutionListener@1e4331f5, org.springframework.boot.test.autoconfigure.web.client.MockRestServiceServerResetTestExecutionListener@7b35c59a, org.springframework.boot.test.autoconfigure.web.servlet.MockMvcPrintOnlyOnFailureTestExecutionListener@37a669da, org.springframework.boot.test.autoconfigure.web.servlet.WebDriverTestExecutionListener@979b318, org.springframework.boot.test.mock.mockito.ResetMocksTestExecutionListener@e32e75b]
14:34:20.555 [Test worker] DEBUG org.springframework.test.annotation.ProfileValueUtils - Retrieved @ProfileValueSourceConfiguration [null] for test class [com.c3t.ApplicationTest]
14:34:20.555 [Test worker] DEBUG org.springframework.test.annotation.ProfileValueUtils - Retrieved ProfileValueSource type [class org.springframework.test.annotation.SystemProfileValueSource] for class [com.c3t.ApplicationTest]
14:34:20.556 [Test worker] DEBUG org.springframework.test.annotation.ProfileValueUtils - Retrieved @ProfileValueSourceConfiguration [null] for test class [com.c3t.ApplicationTest]
14:34:20.557 [Test worker] DEBUG org.springframework.test.annotation.ProfileValueUtils - Retrieved ProfileValueSource type [class org.springframework.test.annotation.SystemProfileValueSource] for class [com.c3t.ApplicationTest]
14:34:20.561 [Test worker] DEBUG org.springframework.test.context.support.AbstractDirtiesContextTestExecutionListener - Before test class: context [DefaultTestContext@e426e77 testClass = ApplicationTest, testInstance = [null], testMethod = [null], testException = [null], mergedContextConfiguration = [WebMergedContextConfiguration@d43efb8 testClass = ApplicationTest, locations = '{}', classes = '{class com.c3t.Application}', contextInitializerClasses = '[]', activeProfiles = '{}', propertySourceLocations = '{}', propertySourceProperties = '{org.springframework.boot.test.context.SpringBootTestContextBootstrapper=true, server.port=0}', contextCustomizers = set[org.springframework.boot.test.autoconfigure.properties.PropertyMappingContextCustomizer@0, org.springframework.boot.test.autoconfigure.web.servlet.WebDriverContextCustomizerFactory$Customizer@67fb1631, org.springframework.boot.test.context.filter.ExcludeFilterContextCustomizer@40b9cce9, org.springframework.boot.test.json.DuplicateJsonObjectContextCustomizerFactory$DuplicateJsonObjectContextCustomizer@12438f8c, org.springframework.boot.test.mock.mockito.MockitoContextCustomizer@0, org.springframework.boot.test.web.client.TestRestTemplateContextCustomizer@6e678057], resourceBasePath = 'src/main/webapp', contextLoader = 'org.springframework.boot.test.context.SpringBootContextLoader', parent = [null]], attributes = map['org.springframework.test.context.web.ServletTestExecutionListener.activateListener' -> false]], class annotated with @DirtiesContext [false] with mode [null].
14:34:20.569 [Test worker] DEBUG org.springframework.test.annotation.ProfileValueUtils - Retrieved @ProfileValueSourceConfiguration [null] for test class [com.c3t.ApplicationTest]
14:34:20.570 [Test worker] DEBUG org.springframework.test.annotation.ProfileValueUtils - Retrieved ProfileValueSource type [class org.springframework.test.annotation.SystemProfileValueSource] for class [com.c3t.ApplicationTest]
14:34:20.575 [Test worker] DEBUG org.springframework.test.context.support.DependencyInjectionTestExecutionListener - Performing dependency injection for test context [[DefaultTestContext@e426e77 testClass = ApplicationTest, testInstance = com.c3t.ApplicationTest@1a931138, testMethod = [null], testException = [null], mergedContextConfiguration = [WebMergedContextConfiguration@d43efb8 testClass = ApplicationTest, locations = '{}', classes = '{class com.c3t.Application}', contextInitializerClasses = '[]', activeProfiles = '{}', propertySourceLocations = '{}', propertySourceProperties = '{org.springframework.boot.test.context.SpringBootTestContextBootstrapper=true, server.port=0}', contextCustomizers = set[org.springframework.boot.test.autoconfigure.properties.PropertyMappingContextCustomizer@0, org.springframework.boot.test.autoconfigure.web.servlet.WebDriverContextCustomizerFactory$Customizer@67fb1631, org.springframework.boot.test.context.filter.ExcludeFilterContextCustomizer@40b9cce9, org.springframework.boot.test.json.DuplicateJsonObjectContextCustomizerFactory$DuplicateJsonObjectContextCustomizer@12438f8c, org.springframework.boot.test.mock.mockito.MockitoContextCustomizer@0, org.springframework.boot.test.web.client.TestRestTemplateContextCustomizer@6e678057], resourceBasePath = 'src/main/webapp', contextLoader = 'org.springframework.boot.test.context.SpringBootContextLoader', parent = [null]], attributes = map['org.springframework.test.context.web.ServletTestExecutionListener.activateListener' -> false]]].
14:34:20.598 [Test worker] DEBUG org.springframework.test.context.support.TestPropertySourceUtils - Adding inlined properties to environment: {spring.jmx.enabled=false, org.springframework.boot.test.context.SpringBootTestContextBootstrapper=true, server.port=0}

  .   ____          _            __ _ _
 /\\ / ___'_ __ _ _(_)_ __  __ _ \ \ \ \
( ( )\___ | '_ | '_| | '_ \/ _` | \ \ \ \
 \\/  ___)| |_)| | | | | || (_| |  ) ) ) )
  '  |____| .__|_| |_|_| |_\__, | / / / /
 =========|_|==============|___/=/_/_/_/
 :: Spring Boot ::        (v2.1.4.RELEASE)

2020-05-05 14:34:20.983  INFO 12552 --- [    Test worker] com.c3t.ApplicationTest                  : Starting ApplicationTest on ENCLTL045 with PID 12552 (started by MSundaravadivelu in D:\testing\reachapptest)
2020-05-05 14:34:20.985  INFO 12552 --- [    Test worker] com.c3t.ApplicationTest                  : No active profile set, falling back to default profiles: default
2020-05-05 14:34:23.380  INFO 12552 --- [    Test worker] o.s.b.w.embedded.tomcat.TomcatWebServer  : Tomcat initialized with port(s): 0 (http)
2020-05-05 14:34:23.427  INFO 12552 --- [    Test worker] o.apache.catalina.core.StandardService   : Starting service [Tomcat]
2020-05-05 14:34:23.427  INFO 12552 --- [    Test worker] org.apache.catalina.core.StandardEngine  : Starting Servlet engine: [Apache Tomcat/9.0.17]
2020-05-05 14:34:23.632  INFO 12552 --- [    Test worker] o.a.c.c.C.[Tomcat].[localhost].[/]       : Initializing Spring embedded WebApplicationContext
2020-05-05 14:34:23.632  INFO 12552 --- [    Test worker] o.s.web.context.ContextLoader            : Root WebApplicationContext: initialization completed in 2610 ms
2020-05-05 14:34:24.210  INFO 12552 --- [    Test worker] o.s.s.concurrent.ThreadPoolTaskExecutor  : Initializing ExecutorService 'applicationTaskExecutor'
2020-05-05 14:34:24.429  WARN 12552 --- [    Test worker] ion$DefaultTemplateResolverConfiguration : Cannot find template location: classpath:/templates/ (please add some templates or check your Thymeleaf configuration)
2020-05-05 14:34:25.049  INFO 12552 --- [    Test worker] o.s.b.w.embedded.tomcat.TomcatWebServer  : Tomcat started on port(s): 58001 (http) with context path ''
2020-05-05 14:34:25.053  INFO 12552 --- [    Test worker] com.c3t.ApplicationTest                  : Started ApplicationTest in 4.453 seconds (JVM running for 5.694)
2020-05-05 14:34:25.315  INFO 12552 --- [    Test worker] c.c.selenide.drivercommands.LazyDriver   : No webdriver is bound to current thread: 11 - let's create a new webdriver
2020-05-05 14:34:25.344  WARN 12552 --- [    Test worker] java.util.prefs                          : Could not open/create prefs root node Software\JavaSoft\Prefs at root 0x80000002. Windows RegCreateKeyEx(...) returned error code 5.
2020-05-05 14:34:25.602  INFO 12552 --- [    Test worker] i.g.bonigarcia.wdm.WebDriverManager      : Using chromedriver 81.0.4044.69 (since Google Chrome 81 is installed in your machine)
2020-05-05 14:34:25.623  INFO 12552 --- [    Test worker] i.g.bonigarcia.wdm.WebDriverManager      : Exporting webdriver.chrome.driver as C:\Users\msundaravadivelu\.m2\repository\webdriver\chromedriver\win32\81.0.4044.69\chromedriver.exe
2020-05-05 14:34:30.048  INFO 12552 --- [ null to remote] o.o.selenium.remote.ProtocolHandshake    : Detected dialect: W3C
2020-05-05 14:34:30.071  INFO 12552 --- [    Test worker] c.c.selenide.webdriver.BrowserResizer    : Set browser size to 1366x768
2020-05-05 14:34:31.336  INFO 12552 --- [    Test worker] c.c.selenide.webdriver.WebDriverFactory  : BrowserName=chrome Version=81.0.4044.129 Platform=WINDOWS
2020-05-05 14:34:31.336  INFO 12552 --- [    Test worker] c.c.selenide.webdriver.WebDriverFactory  : Selenide v. 5.2.2
2020-05-05 14:34:31.336  INFO 12552 --- [    Test worker] c.c.selenide.webdriver.WebDriverFactory  : Selenium WebDriver v. 3.14.0 build time: 2018-08-02T20:19:58.91Z
2020-05-05 14:34:31.336  INFO 12552 --- [    Test worker] c.c.s.d.CreateDriverCommand              : Create webdriver in current thread 11: ChromeDriver -> ChromeDriver: chrome on WINDOWS (68bbda4d626b290f8330adf72ae8aa59)
2020-05-05 14:34:38.521  INFO 12552 --- [    Test worker] c.c.selenide.junit.ScreenShooter         : 
Screenshot: file:/D:/testing/reachapptest/build/reports/tests/1588669478136.0.png
Page source: file:/D:/testing/reachapptest/build/reports/tests/1588669478136.0.html
]]></system-out>
  <system-err><![CDATA[Starting ChromeDriver 81.0.4044.69 (6813546031a4bc83f717a2ef7cd4ac6ec1199132-refs/branch-heads/4044@{#776}) on port 4515
Only local connections are allowed.
Please protect ports used by ChromeDriver and related test frameworks to prevent access by malicious code.
[1588669471.681][SEVERE]: Timed out receiving message from renderer: 0.100
[1588669471.782][SEVERE]: Timed out receiving message from renderer: 0.100
[1588669472.090][SEVERE]: Timed out receiving message from renderer: 0.100
[1588669472.191][SEVERE]: Timed out receiving message from renderer: 0.100
[1588669472.292][SEVERE]: Timed out receiving message from renderer: 0.100
[1588669472.840][SEVERE]: Timed out receiving message from renderer: 0.100
[1588669472.941][SEVERE]: Timed out receiving message from renderer: 0.100
]]></system-err>
</testsuite>
